#
# A fatal error has been detected by the Java Runtime Environment:
#
#  SIGSEGV (0xb) at pc=0x00007f4aa8f7ce69, pid=4990, tid=139958429501184
#
# JRE version: Java(TM) SE Runtime Environment (7.0_75-b13) (build 1.7.0_75-b13)
# Java VM: Java HotSpot(TM) 64-Bit Server VM (24.75-b04 mixed mode linux-amd64 compressed oops)
# Problematic frame:
# V  [libjvm.so+0x603e69]  java_lang_String::utf8_length(oopDesc*)+0xd9
#
# Failed to write core dump. Core dumps have been disabled. To enable core dumping, try "ulimit -c unlimited" before starting Java again
#
# If you would like to submit a bug report, please visit:
#   http://bugreport.sun.com/bugreport/crash.jsp
#

---------------  T H R E A D  ---------------

Current thread (0x00007f4a98037000):  JavaThread "JDWP Transport Listener: dt_socket" daemon [_thread_in_vm, id=5010, stack(0x00007f4a9c694000,0x00007f4a9c795000)]

siginfo:si_signo=SIGSEGV: si_errno=0, si_code=1 (SEGV_MAPERR), si_addr=0x000000000000000c

Registers:
RAX=0x000000000000000c, RBX=0x00007f4a9801c260, RCX=0x0000000000000000, RDX=0x0000000000000000
RSP=0x00007f4a9c793960, RBP=0x00007f4a9c793970, RSI=0x000000000000000c, RDI=0x00000007ee92a8c8
R8 =0x0000000000000000, R9 =0x0000000000000001, R10=0x0000000000000000, R11=0x00007f4aa8fc6ca0
R12=0x0000000000000000, R13=0x00007f4a98037000, R14=0x00007f4a9c793a60, R15=0x0000000000000000
RIP=0x00007f4aa8f7ce69, EFLAGS=0x0000000000010246, CSGSFS=0x0000000000000033, ERR=0x0000000000000004
  TRAPNO=0x000000000000000e

Top of Stack: (sp=0x00007f4a9c793960)
0x00007f4a9c793960:   00007f4a9801c260 00000007ee92a8c8
0x00007f4a9c793970:   00007f4a9c7939e0 00007f4aa8fcee8b
0x00007f4a9c793980:   00007f4a98037000 0000000000000000
0x00007f4a9c793990:   00007f4a9c7939e0 00007f4aa7ea1f92
0x00007f4a9c7939a0:   00007f4a98037000 000000000000000a
0x00007f4a9c7939b0:   00007f4a9c7939e0 00007f4a9c793bf0
0x00007f4a9c7939c0:   00007f4a980371e8 00007f4a9801c260
0x00007f4a9c7939d0:   00007f4a9c793a60 00007f4aa80b5120
0x00007f4a9c7939e0:   00007f4a9c793a20 00007f4aa7e843b2
0x00007f4a9c7939f0:   0000000000005549 000000000000000a
0x00007f4a9c793a00:   0000000000000001 000000000000000a
0x00007f4a9c793a10:   0000000000010a00 0000000000000001
0x00007f4a9c793a20:   00007f4a9c793c70 00007f4aa7e8c976
0x00007f4a9c793a30:   0000554900000013 00007f4aa9010a00
0x00007f4a9c793a40:   00007f4a984f08f0 00007f4a98037000
0x00007f4a9c793a50:   00007f4a9c793a60 00007f4a9c793bf0
0x00007f4a9c793a60:   00007f4a9c793ab0 00007f4a0000012c
0x00007f4a9c793a70:   00007f4a9c793a78 0000000000000000
0x00007f4a9c793a80:   00007f4a9c793ab0 0000000000000000
0x00007f4a9c793a90:   0000000000000000 0000554900000013
0x00007f4a9c793aa0:   00007f4a00003b80 00007f4a9c793ab0
0x00007f4a9c793ab0:   6e69616d04000000 4200000000000000
0x00007f4a9c793ac0:   000000000a000000 c000000000000000
0x00007f4a9c793ad0:   0400000000000000 00000000020c0000
0x00007f4a9c793ae0:   c100000009000000 0d00000000000000
0x00007f4a9c793af0:   00000000c2000000 c400000016000000
0x00007f4a9c793b00:   1a00000000000000 00000000c5000000
0x00007f4a9c793b10:   c800000023000000 2b00000000000000
0x00007f4a9c793b20:   00000000c9000000 cb00000036000000
0x00007f4a9c793b30:   4200000000000000 04009302cc000000
0x00007f4a9c793b40:   0000000000000001 d68c040000000030
0x00007f4a9c793b50:   00000000000000d0 0093020000000004 

Instructions: (pc=0x00007f4aa8f7ce69)
0x00007f4aa8f7ce49:   08 48 d3 e2 48 03 10 b8 0c 00 00 00 eb 12 66 0f
0x00007f4aa8f7ce59:   1f 84 00 00 00 00 00 48 8b 14 37 b8 10 00 00 00
0x00007f4aa8f7ce69:   8b 1c 02 e9 6b ff ff ff 90 66 66 66 66 66 2e 0f
0x00007f4aa8f7ce79:   1f 84 00 00 00 00 00 55 48 85 ff 48 89 e5 41 54 

Register to memory mapping:

RAX=0x000000000000000c is an unknown value
RBX=0x00007f4a9801c260 is a global jni handle
RCX=0x0000000000000000 is an unknown value
RDX=0x0000000000000000 is an unknown value
RSP=0x00007f4a9c793960 is pointing into the stack for thread: 0x00007f4a98037000
RBP=0x00007f4a9c793970 is pointing into the stack for thread: 0x00007f4a98037000
RSI=0x000000000000000c is an unknown value
RDI=0x00000007ee92a8c8 is an oop
java.lang.String 
 - klass: 'java/lang/String'
R8 =0x0000000000000000 is an unknown value
R9 =0x0000000000000001 is an unknown value
R10=0x0000000000000000 is an unknown value
R11=0x00007f4aa8fc6ca0: <offset 0x64dca0> in /usr/local/jdk1.7.0_75/jre/lib/amd64/server/libjvm.so at 0x00007f4aa8979000
R12=0x0000000000000000 is an unknown value
R13=0x00007f4a98037000 is a thread
R14=0x00007f4a9c793a60 is pointing into the stack for thread: 0x00007f4a98037000
R15=0x0000000000000000 is an unknown value


Stack: [0x00007f4a9c694000,0x00007f4a9c795000],  sp=0x00007f4a9c793960,  free space=1022k
Native frames: (J=compiled Java code, j=interpreted, Vv=VM code, C=native code)
V  [libjvm.so+0x603e69]  java_lang_String::utf8_length(oopDesc*)+0xd9
V  [libjvm.so+0x655e8b]  jni_GetStringUTFChars+0xab
C  [libjdwp.so+0x93b2]  value+0x92
C  [libjdwp.so+0x11976]  debugLoop_run+0x2b6
C  [libjdwp.so+0x243af]  attachThread+0x2f
V  [libjvm.so+0x6fd357]  JvmtiAgentThread::call_start_function()+0x97
V  [libjvm.so+0x95a71f]  JavaThread::thread_main_inner()+0xdf
V  [libjvm.so+0x95a825]  JavaThread::run()+0xf5
V  [libjvm.so+0x820b88]  java_start(Thread*)+0x108


---------------  P R O C E S S  ---------------

Java Threads: ( => current thread )
  0x00007f4a98042800 JavaThread "Service Thread" daemon [_thread_blocked, id=5019, stack(0x00007f4a9c18f000,0x00007f4a9c290000)]
  0x00007f4a9803f800 JavaThread "C2 CompilerThread1" daemon [_thread_blocked, id=5018, stack(0x00007f4a9c290000,0x00007f4a9c391000)]
  0x00007f4a9803c800 JavaThread "C2 CompilerThread0" daemon [_thread_blocked, id=5017, stack(0x00007f4a9c391000,0x00007f4a9c492000)]
  0x000000000223f800 JavaThread "JDWP Command Reader" daemon [_thread_in_native, id=5014, stack(0x00007f4a9c492000,0x00007f4a9c593000)]
  0x00007f4a9803a800 JavaThread "JDWP Event Helper Thread" daemon [_thread_blocked, id=5013, stack(0x00007f4a9c593000,0x00007f4a9c694000)]
=>0x00007f4a98037000 JavaThread "JDWP Transport Listener: dt_socket" daemon [_thread_in_vm, id=5010, stack(0x00007f4a9c694000,0x00007f4a9c795000)]
  0x00007f4a98029800 JavaThread "Signal Dispatcher" daemon [_thread_blocked, id=5008, stack(0x00007f4a9c999000,0x00007f4a9ca9a000)]
  0x00007f4a98001000 JavaThread "Finalizer" daemon [_thread_blocked, id=5007, stack(0x00007f4a9ca9a000,0x00007f4a9cb9b000)]
  0x0000000002237800 JavaThread "Reference Handler" daemon [_thread_blocked, id=5006, stack(0x00007f4a9cb9b000,0x00007f4a9cc9c000)]
  0x00000000021ca800 JavaThread "main" [_thread_blocked, id=4996, stack(0x00007f4aaa2ad000,0x00007f4aaa3ae000)]

Other Threads:
  0x0000000002233000 VMThread [stack: 0x00007f4a9cc9c000,0x00007f4a9cd9d000] [id=5005]
  0x00007f4a98055800 WatcherThread [stack: 0x00007f4a9c08e000,0x00007f4a9c18f000] [id=5020]

VM state:not at safepoint (normal execution)

VM Mutex/Monitor currently owned by a thread: None

Heap
 PSYoungGen      total 537088K, used 502961K [0x00000007d6880000, 0x00000007ffc00000, 0x0000000800000000)
  eden space 403968K, 98% used [0x00000007d6880000,0x00000007eecf4758,0x00000007ef300000)
  from space 133120K, 79% used [0x00000007f7a00000,0x00000007fe0b8010,0x00000007ffc00000)
  to   space 135680K, 0% used [0x00000007ef300000,0x00000007ef300000,0x00000007f7780000)
 ParOldGen       total 952320K, used 820181K [0x0000000783a00000, 0x00000007bdc00000, 0x00000007d6880000)
  object space 952320K, 86% used [0x0000000783a00000,0x00000007b5af56d8,0x00000007bdc00000)
 PSPermGen       total 21504K, used 8672K [0x000000077e800000, 0x000000077fd00000, 0x0000000783a00000)
  object space 21504K, 40% used [0x000000077e800000,0x000000077f078128,0x000000077fd00000)

Card table byte_map: [0x00007f4aa3ca2000,0x00007f4aa40af000] byte_map_base: 0x00007f4aa00ae000

Polling page: 0x00007f4aaa3cf000

Code Cache  [0x00007f4aa40af000, 0x00007f4aa443f000, 0x00007f4aa70af000)
 total_blobs=1029 nmethods=827 adapters=163 free_code_cache=46153Kb largest_free_block=46660992

Compilation events (10 events):
Event: 23.079 Thread 0x00007f4a9803c800 nmethod 871 0x00007f4aa437aa10 code [0x00007f4aa437abe0, 0x00007f4aa437b268]
Event: 23.079 Thread 0x00007f4a9803c800  873             soot.util.HashChain$Link::unlinkSelf (13 bytes)
Event: 23.079 Thread 0x00007f4a9803f800 nmethod 872 0x00007f4aa42e4350 code [0x00007f4aa42e44e0, 0x00007f4aa42e4888]
Event: 23.079 Thread 0x00007f4a9803c800 nmethod 873 0x00007f4aa437a550 code [0x00007f4aa437a6a0, 0x00007f4aa437a838]
Event: 23.082 Thread 0x00007f4a9803c800  874             soot.util.HashChain$LinkIterator::remove (94 bytes)
Event: 23.082 Thread 0x00007f4a9803f800  875             soot.util.HashChain::access$4 (6 bytes)
Event: 23.082 Thread 0x00007f4a9803f800 nmethod 875 0x00007f4aa437a310 code [0x00007f4aa437a440, 0x00007f4aa437a4b8]
Event: 23.083 Thread 0x00007f4a9803f800  876 %           java.util.AbstractCollection::removeAll @ 7 (44 bytes)
Event: 23.091 Thread 0x00007f4a9803c800 nmethod 874 0x00007f4aa42e6550 code [0x00007f4aa42e6720, 0x00007f4aa42e6e48]
Event: 23.092 Thread 0x00007f4a9803f800 nmethod 876% 0x00007f4aa42e7950 code [0x00007f4aa42e7b60, 0x00007f4aa42e87b8]

GC Heap History (10 events):
Event: 21.640 GC heap before
{Heap before GC invocations=71 (full 5):
 PSYoungGen      total 499712K, used 444640K [0x00000007d6880000, 0x00000007ff300000, 0x0000000800000000)
  eden space 348160K, 100% used [0x00000007d6880000,0x00000007ebc80000,0x00000007ebc80000)
  from space 151552K, 63% used [0x00000007ebc80000,0x00000007f1ab8050,0x00000007f5080000)
  to   space 145920K, 0% used [0x00000007f6480000,0x00000007f6480000,0x00000007ff300000)
 ParOldGen       total 952320K, used 786997K [0x0000000783a00000, 0x00000007bdc00000, 0x00000007d6880000)
  object space 952320K, 82% used [0x0000000783a00000,0x00000007b3a8d688,0x00000007bdc00000)
 PSPermGen       total 21504K, used 8660K [0x000000077e800000, 0x000000077fd00000, 0x0000000783a00000)
  object space 21504K, 40% used [0x000000077e800000,0x000000077f075050,0x000000077fd00000)
Event: 21.675 GC heap after
Heap after GC invocations=71 (full 5):
 PSYoungGen      total 510976K, used 99232K [0x00000007d6880000, 0x00000007fea80000, 0x0000000800000000)
  eden space 373760K, 0% used [0x00000007d6880000,0x00000007d6880000,0x00000007ed580000)
  from space 137216K, 72% used [0x00000007f6480000,0x00000007fc568040,0x00000007fea80000)
  to   space 141824K, 0% used [0x00000007ed580000,0x00000007ed580000,0x00000007f6000000)
 ParOldGen       total 952320K, used 796069K [0x0000000783a00000, 0x00000007bdc00000, 0x00000007d6880000)
  object space 952320K, 83% used [0x0000000783a00000,0x00000007b4369698,0x00000007bdc00000)
 PSPermGen       total 21504K, used 8660K [0x000000077e800000, 0x000000077fd00000, 0x0000000783a00000)
  object space 21504K, 40% used [0x000000077e800000,0x000000077f075050,0x000000077fd00000)
}
Event: 21.901 GC heap before
{Heap before GC invocations=72 (full 5):
 PSYoungGen      total 510976K, used 472992K [0x00000007d6880000, 0x00000007fea80000, 0x0000000800000000)
  eden space 373760K, 100% used [0x00000007d6880000,0x00000007ed580000,0x00000007ed580000)
  from space 137216K, 72% used [0x00000007f6480000,0x00000007fc568040,0x00000007fea80000)
  to   space 141824K, 0% used [0x00000007ed580000,0x00000007ed580000,0x00000007f6000000)
 ParOldGen       total 952320K, used 796069K [0x0000000783a00000, 0x00000007bdc00000, 0x00000007d6880000)
  object space 952320K, 83% used [0x0000000783a00000,0x00000007b4369698,0x00000007bdc00000)
 PSPermGen       total 21504K, used 8660K [0x000000077e800000, 0x000000077fd00000, 0x0000000783a00000)
  object space 21504K, 40% used [0x000000077e800000,0x000000077f075170,0x000000077fd00000)
Event: 21.940 GC heap after
Heap after GC invocations=72 (full 5):
 PSYoungGen      total 515584K, used 102560K [0x00000007d6880000, 0x0000000800000000, 0x0000000800000000)
  eden space 373760K, 0% used [0x00000007d6880000,0x00000007d6880000,0x00000007ed580000)
  from space 141824K, 72% used [0x00000007ed580000,0x00000007f39a8030,0x00000007f6000000)
  to   space 139776K, 0% used [0x00000007f7780000,0x00000007f7780000,0x0000000800000000)
 ParOldGen       total 952320K, used 799557K [0x0000000783a00000, 0x00000007bdc00000, 0x00000007d6880000)
  object space 952320K, 83% used [0x0000000783a00000,0x00000007b46d16a8,0x00000007bdc00000)
 PSPermGen       total 21504K, used 8660K [0x000000077e800000, 0x000000077fd00000, 0x0000000783a00000)
  object space 21504K, 40% used [0x000000077e800000,0x000000077f075170,0x000000077fd00000)
}
Event: 22.180 GC heap before
{Heap before GC invocations=73 (full 5):
 PSYoungGen      total 515584K, used 476320K [0x00000007d6880000, 0x0000000800000000, 0x0000000800000000)
  eden space 373760K, 100% used [0x00000007d6880000,0x00000007ed580000,0x00000007ed580000)
  from space 141824K, 72% used [0x00000007ed580000,0x00000007f39a8030,0x00000007f6000000)
  to   space 139776K, 0% used [0x00000007f7780000,0x00000007f7780000,0x0000000800000000)
 ParOldGen       total 952320K, used 799557K [0x0000000783a00000, 0x00000007bdc00000, 0x00000007d6880000)
  object space 952320K, 83% used [0x0000000783a00000,0x00000007b46d16a8,0x00000007bdc00000)
 PSPermGen       total 21504K, used 8660K [0x000000077e800000, 0x000000077fd00000, 0x0000000783a00000)
  object space 21504K, 40% used [0x000000077e800000,0x000000077f075170,0x000000077fd00000)
Event: 22.220 GC heap after
Heap after GC invocations=73 (full 5):
 PSYoungGen      total 532480K, used 105408K [0x00000007d6880000, 0x00000007ffb00000, 0x0000000800000000)
  eden space 397824K, 0% used [0x00000007d6880000,0x00000007d6880000,0x00000007eed00000)
  from space 134656K, 78% used [0x00000007f7780000,0x00000007fde70030,0x00000007ffb00000)
  to   space 138240K, 0% used [0x00000007eed00000,0x00000007eed00000,0x00000007f7400000)
 ParOldGen       total 952320K, used 805413K [0x0000000783a00000, 0x00000007bdc00000, 0x00000007d6880000)
  object space 952320K, 84% used [0x0000000783a00000,0x00000007b4c896a8,0x00000007bdc00000)
 PSPermGen       total 21504K, used 8660K [0x000000077e800000, 0x000000077fd00000, 0x0000000783a00000)
  object space 21504K, 40% used [0x000000077e800000,0x000000077f075170,0x000000077fd00000)
}
Event: 22.463 GC heap before
{Heap before GC invocations=74 (full 5):
 PSYoungGen      total 532480K, used 503232K [0x00000007d6880000, 0x00000007ffb00000, 0x0000000800000000)
  eden space 397824K, 100% used [0x00000007d6880000,0x00000007eed00000,0x00000007eed00000)
  from space 134656K, 78% used [0x00000007f7780000,0x00000007fde70030,0x00000007ffb00000)
  to   space 138240K, 0% used [0x00000007eed00000,0x00000007eed00000,0x00000007f7400000)
 ParOldGen       total 952320K, used 805413K [0x0000000783a00000, 0x00000007bdc00000, 0x00000007d6880000)
  object space 952320K, 84% used [0x0000000783a00000,0x00000007b4c896a8,0x00000007bdc00000)
 PSPermGen       total 21504K, used 8660K [0x000000077e800000, 0x000000077fd00000, 0x0000000783a00000)
  object space 21504K, 40% used [0x000000077e800000,0x000000077f075240,0x000000077fd00000)
Event: 22.500 GC heap after
Heap after GC invocations=74 (full 5):
 PSYoungGen      total 536064K, used 105920K [0x00000007d6880000, 0x0000000800000000, 0x0000000800000000)
  eden space 397824K, 0% used [0x00000007d6880000,0x00000007d6880000,0x00000007eed00000)
  from space 138240K, 76% used [0x00000007eed00000,0x00000007f5470030,0x00000007f7400000)
  to   space 137216K, 0% used [0x00000007f7a00000,0x00000007f7a00000,0x0000000800000000)
 ParOldGen       total 952320K, used 814189K [0x0000000783a00000, 0x00000007bdc00000, 0x00000007d6880000)
  object space 952320K, 85% used [0x0000000783a00000,0x00000007b551b6b8,0x00000007bdc00000)
 PSPermGen       total 21504K, used 8660K [0x000000077e800000, 0x000000077fd00000, 0x0000000783a00000)
  object space 21504K, 40% used [0x000000077e800000,0x000000077f075240,0x000000077fd00000)
}
Event: 22.739 GC heap before
{Heap before GC invocations=75 (full 5):
 PSYoungGen      total 536064K, used 503744K [0x00000007d6880000, 0x0000000800000000, 0x0000000800000000)
  eden space 397824K, 100% used [0x00000007d6880000,0x00000007eed00000,0x00000007eed00000)
  from space 138240K, 76% used [0x00000007eed00000,0x00000007f5470030,0x00000007f7400000)
  to   space 137216K, 0% used [0x00000007f7a00000,0x00000007f7a00000,0x0000000800000000)
 ParOldGen       total 952320K, used 814189K [0x0000000783a00000, 0x00000007bdc00000, 0x00000007d6880000)
  object space 952320K, 85% used [0x0000000783a00000,0x00000007b551b6b8,0x00000007bdc00000)
 PSPermGen       total 21504K, used 8660K [0x000000077e800000, 0x000000077fd00000, 0x0000000783a00000)
  object space 21504K, 40% used [0x000000077e800000,0x000000077f0752e8,0x000000077fd00000)
Event: 22.771 GC heap after
Heap after GC invocations=75 (full 5):
 PSYoungGen      total 537088K, used 105184K [0x00000007d6880000, 0x00000007ffc00000, 0x0000000800000000)
  eden space 403968K, 0% used [0x00000007d6880000,0x00000007d6880000,0x00000007ef300000)
  from space 133120K, 79% used [0x00000007f7a00000,0x00000007fe0b8010,0x00000007ffc00000)
  to   space 135680K, 0% used [0x00000007ef300000,0x00000007ef300000,0x00000007f7780000)
 ParOldGen       total 952320K, used 820181K [0x0000000783a00000, 0x00000007bdc00000, 0x00000007d6880000)
  object space 952320K, 86% used [0x0000000783a00000,0x00000007b5af56d8,0x00000007bdc00000)
 PSPermGen       total 21504K, used 8660K [0x000000077e800000, 0x000000077fd00000, 0x0000000783a00000)
  object space 21504K, 40% used [0x000000077e800000,0x000000077f0752e8,0x000000077fd00000)
}

Deoptimization events (10 events):
Event: 6.504 Thread 0x00000000021ca800 Uncommon trap: reason=class_check action=maybe_recompile pc=0x00007f4aa437ba74 method=soot.dexpler.DexAnnotation.handleAnnotationElement(Lorg/jf/dexlib2/iface/AnnotationElement;Ljava/util/List;)Ljava/util/ArrayList; @ 1105
Event: 6.640 Thread 0x00000000021ca800 Uncommon trap: reason=class_check action=maybe_recompile pc=0x00007f4aa437ba74 method=soot.dexpler.DexAnnotation.handleAnnotationElement(Lorg/jf/dexlib2/iface/AnnotationElement;Ljava/util/List;)Ljava/util/ArrayList; @ 1105
Event: 6.836 Thread 0x00000000021ca800 Uncommon trap: reason=unreached action=reinterpret pc=0x00007f4aa4354d20 method=soot.dexpler.DexAnnotation.handleAnnotation(Ljava/util/Set;Ljava/lang/String;)Ljava/util/List; @ 953
Event: 6.876 Thread 0x00000000021ca800 Uncommon trap: reason=unreached action=reinterpret pc=0x00007f4aa43daf50 method=soot.dexpler.DexClass.makeSootClass(Lsoot/SootClass;Lorg/jf/dexlib2/iface/ClassDef;Lorg/jf/dexlib2/iface/DexFile;)Lsoot/javaToJimple/IInitialResolver$Dependencies; @ 691
Event: 14.296 Thread 0x00000000021ca800 Uncommon trap: reason=unloaded action=reinterpret pc=0x00007f4aa42be9c0 method=soot.dexpler.instructions.InstructionFactory.fromOpcode(Lorg/jf/dexlib2/Opcode;Lorg/jf/dexlib2/iface/instruction/Instruction;I)Lsoot/dexpler/instructions/DexlibAbstractInstruct
Event: 23.030 Thread 0x00000000021ca800 Uncommon trap: reason=bimorphic action=maybe_recompile pc=0x00007f4aa422835c method=java.util.AbstractCollection.addAll(Ljava/util/Collection;)Z @ 10
Event: 23.037 Thread 0x00000000021ca800 Uncommon trap: reason=bimorphic action=maybe_recompile pc=0x00007f4aa422835c method=java.util.AbstractCollection.addAll(Ljava/util/Collection;)Z @ 10
Event: 23.072 Thread 0x00000000021ca800 Uncommon trap: reason=bimorphic action=maybe_recompile pc=0x00007f4aa422835c method=java.util.AbstractCollection.addAll(Ljava/util/Collection;)Z @ 10
Event: 23.075 Thread 0x00000000021ca800 Uncommon trap: reason=unreached action=reinterpret pc=0x00007f4aa41ea9d0 method=soot.util.HashChain$Link.bind(Lsoot/util/HashChain$Link;Lsoot/util/HashChain$Link;)V @ 1
Event: 23.084 Thread 0x00000000021ca800 Uncommon trap: reason=unreached action=reinterpret pc=0x00007f4aa437a7f4 method=soot.util.HashChain$Link.bind(Lsoot/util/HashChain$Link;Lsoot/util/HashChain$Link;)V @ 9

Internal exceptions (10 events):
Event: 3.453 Thread 0x00000000021ca800 Threw 0x00000007d6a11728 at /HUDSON/workspace/7u-2-build-linux-amd64/jdk7u75/1940/hotspot/src/share/vm/prims/jvm.cpp:1281
Event: 3.760 Thread 0x00000000021ca800 Threw 0x00000007dcf477a8 at /HUDSON/workspace/7u-2-build-linux-amd64/jdk7u75/1940/hotspot/src/share/vm/prims/jvm.cpp:1281
Event: 3.760 Thread 0x00000000021ca800 Threw 0x00000007dcf51588 at /HUDSON/workspace/7u-2-build-linux-amd64/jdk7u75/1940/hotspot/src/share/vm/prims/jvm.cpp:1281
Event: 4.376 Thread 0x00000000021ca800 Threw 0x00000007d96efdc0 at /HUDSON/workspace/7u-2-build-linux-amd64/jdk7u75/1940/hotspot/src/share/vm/prims/jvm.cpp:1281
Event: 4.376 Thread 0x00000000021ca800 Threw 0x00000007d96f9ba0 at /HUDSON/workspace/7u-2-build-linux-amd64/jdk7u75/1940/hotspot/src/share/vm/prims/jvm.cpp:1281
Event: 6.146 Thread 0x00000000021ca800 Threw 0x00000007e27cf630 at /HUDSON/workspace/7u-2-build-linux-amd64/jdk7u75/1940/hotspot/src/share/vm/prims/jvm.cpp:1281
Event: 6.146 Thread 0x00000000021ca800 Threw 0x00000007e27d9548 at /HUDSON/workspace/7u-2-build-linux-amd64/jdk7u75/1940/hotspot/src/share/vm/prims/jvm.cpp:1281
Event: 6.440 Thread 0x00000000021ca800 Implicit null exception at 0x00007f4aa43ab8cf to 0x00007f4aa43b4ca5
Event: 23.075 Thread 0x00000000021ca800 Implicit null exception at 0x00007f4aa41ea90f to 0x00007f4aa41ea9b9
Event: 23.084 Thread 0x00000000021ca800 Implicit null exception at 0x00007f4aa437a6e7 to 0x00007f4aa437a7d9

Events (10 events):
Event: 2612.748 Executing VM operation: GetCurrentLocation
Event: 2612.748 Executing VM operation: GetCurrentLocation done
Event: 2612.748 Executing VM operation: ChangeSingleStep
Event: 2612.748 Executing VM operation: ChangeSingleStep done
Event: 2612.749 Executing VM operation: ChangeSingleStep
Event: 2612.749 Executing VM operation: ChangeSingleStep done
Event: 2612.767 Executing VM operation: GetOrSetLocal
Event: 2612.767 Executing VM operation: GetOrSetLocal done
Event: 2612.774 Executing VM operation: GetOrSetLocal
Event: 2612.774 Executing VM operation: GetOrSetLocal done


Dynamic libraries:
00400000-00401000 r-xp 00000000 08:01 33747                              /usr/local/jdk1.7.0_75/bin/java
00600000-00601000 rw-p 00000000 08:01 33747                              /usr/local/jdk1.7.0_75/bin/java
021bc000-061e3000 rw-p 00000000 00:00 0                                  [heap]
77e800000-77fd00000 rw-p 00000000 00:00 0 
77fd00000-783a00000 rw-p 00000000 00:00 0 
783a00000-7bdc00000 rw-p 00000000 00:00 0 
7bdc00000-7d6880000 rw-p 00000000 00:00 0 
7d6880000-7ffc00000 rw-p 00000000 00:00 0 
7ffc00000-800000000 ---p 00000000 00:00 0 
7f4a97c88000-7f4a97c9e000 r--s 000c3000 08:03 44571152                   /home/shentanli/eclipseworkspace/soot/libs/dexlib2-2.1.0-dev.jar
7f4a97c9e000-7f4a97ca9000 r--s 00082000 08:03 44568648                   /home/shentanli/eclipseworkspace/soot/libs/jboss-common-core-2.5.0.Final.jar
7f4a97ca9000-7f4a97cb8000 r--s 00082000 08:03 44569561                   /home/shentanli/eclipseworkspace/soot/libs/powermock-mockito-1.6.1-full.jar
7f4a97cb8000-7f4a97cd5000 r--s 0010b000 08:03 44570686                   /home/shentanli/eclipseworkspace/soot/libs/mockito-all-1.10.8.jar
7f4a97cd5000-7f4a97ce1000 r--s 000c8000 08:03 44571777                   /home/shentanli/eclipseworkspace/soot/libs/polyglot.jar
7f4a97ce1000-7f4a97d0c000 r--s 001fc000 08:03 44447513                   /home/shentanli/eclipseworkspace/heros/guava-18.0.jar
7f4a97d0c000-7f4a97d76000 rw-p 00000000 00:00 0 
7f4a97d76000-7f4a98000000 r--s 01c4c000 08:03 28839255                   /home/shentanli/tmpgithub/Soottest/Cfgbuild_S/src/com/shentanli/example/soot/android.jar
7f4a98000000-7f4a9ade1000 rw-p 00000000 00:00 0 
7f4a9ade1000-7f4a9c000000 ---p 00000000 00:00 0 
7f4a9c005000-7f4a9c007000 rw-p 00000000 00:00 0 
7f4a9c007000-7f4a9c00c000 r--s 00058000 08:03 44571927                   /home/shentanli/eclipseworkspace/soot/libs/asm-debug-all-5.0.3.jar
7f4a9c00c000-7f4a9c016000 r--s 000a5000 08:03 44572484                   /home/shentanli/eclipseworkspace/soot/libs/javassist-3.18.2-GA.jar
7f4a9c016000-7f4a9c01c000 r--s 0004a000 08:03 44572497                   /home/shentanli/eclipseworkspace/soot/libs/cglib-nodep-2.2.2.jar
7f4a9c01c000-7f4a9c022000 r--s 00036000 08:03 44571395                   /home/shentanli/eclipseworkspace/soot/libs/junit-4.11.jar
7f4a9c022000-7f4a9c028000 r--s 00045000 08:03 44568480                   /home/shentanli/eclipseworkspace/soot/libs/hamcrest-all-1.3.jar
7f4a9c028000-7f4a9c049000 r--s 00162000 08:03 44447519                   /home/shentanli/eclipseworkspace/heros/mockito-all-1.9.5.jar
7f4a9c049000-7f4a9c04b000 r--s 0000c000 08:03 44447512                   /home/shentanli/eclipseworkspace/heros/org.hamcrest.core_1.3.0.jar
7f4a9c04b000-7f4a9c08e000 r--s 01b2e000 08:03 29233545                   /home/shentanli/Downloads/appsdb/appsfrom360store/com-letv.apk
7f4a9c08e000-7f4a9c08f000 ---p 00000000 00:00 0 
7f4a9c08f000-7f4a9c18f000 rw-p 00000000 00:00 0 
7f4a9c18f000-7f4a9c192000 ---p 00000000 00:00 0 
7f4a9c192000-7f4a9c290000 rw-p 00000000 00:00 0 
7f4a9c290000-7f4a9c293000 ---p 00000000 00:00 0 
7f4a9c293000-7f4a9c391000 rw-p 00000000 00:00 0 
7f4a9c391000-7f4a9c394000 ---p 00000000 00:00 0 
7f4a9c394000-7f4a9c492000 rw-p 00000000 00:00 0 
7f4a9c492000-7f4a9c495000 ---p 00000000 00:00 0 
7f4a9c495000-7f4a9c593000 rw-p 00000000 00:00 0 
7f4a9c593000-7f4a9c596000 ---p 00000000 00:00 0 
7f4a9c596000-7f4a9c694000 rw-p 00000000 00:00 0 
7f4a9c694000-7f4a9c697000 ---p 00000000 00:00 0 
7f4a9c697000-7f4a9c795000 rw-p 00000000 00:00 0 
7f4a9c795000-7f4a9c799000 r-xp 00000000 08:01 427077                     /usr/local/jdk1.7.0_75/jre/lib/amd64/libdt_socket.so
7f4a9c799000-7f4a9c998000 ---p 00004000 08:01 427077                     /usr/local/jdk1.7.0_75/jre/lib/amd64/libdt_socket.so
7f4a9c998000-7f4a9c999000 rw-p 00003000 08:01 427077                     /usr/local/jdk1.7.0_75/jre/lib/amd64/libdt_socket.so
7f4a9c999000-7f4a9c99c000 ---p 00000000 00:00 0 
7f4a9c99c000-7f4a9ca9a000 rw-p 00000000 00:00 0 
7f4a9ca9a000-7f4a9ca9d000 ---p 00000000 00:00 0 
7f4a9ca9d000-7f4a9cb9b000 rw-p 00000000 00:00 0 
7f4a9cb9b000-7f4a9cb9e000 ---p 00000000 00:00 0 
7f4a9cb9e000-7f4a9cc9c000 rw-p 00000000 00:00 0 
7f4a9cc9c000-7f4a9cc9d000 ---p 00000000 00:00 0 
7f4a9cc9d000-7f4a9ea2c000 rw-p 00000000 00:00 0 
7f4a9ea2c000-7f4a9ebeb000 r--s 039eb000 08:01 427021                     /usr/local/jdk1.7.0_75/jre/lib/rt.jar
7f4a9ebeb000-7f4aa31d9000 rw-p 00000000 00:00 0 
7f4aa31d9000-7f4aa31da000 ---p 00000000 00:00 0 
7f4aa31da000-7f4aa32da000 rw-p 00000000 00:00 0 
7f4aa32da000-7f4aa32db000 ---p 00000000 00:00 0 
7f4aa32db000-7f4aa33db000 rw-p 00000000 00:00 0 
7f4aa33db000-7f4aa33dc000 ---p 00000000 00:00 0 
7f4aa33dc000-7f4aa34dc000 rw-p 00000000 00:00 0 
7f4aa34dc000-7f4aa34dd000 ---p 00000000 00:00 0 
7f4aa34dd000-7f4aa35dd000 rw-p 00000000 00:00 0 
7f4aa35dd000-7f4aa35de000 ---p 00000000 00:00 0 
7f4aa35de000-7f4aa36de000 rw-p 00000000 00:00 0 
7f4aa36de000-7f4aa36df000 ---p 00000000 00:00 0 
7f4aa36df000-7f4aa37df000 rw-p 00000000 00:00 0 
7f4aa37df000-7f4aa37e0000 ---p 00000000 00:00 0 
7f4aa37e0000-7f4aa38e0000 rw-p 00000000 00:00 0 
7f4aa38e0000-7f4aa38e1000 ---p 00000000 00:00 0 
7f4aa38e1000-7f4aa39ec000 rw-p 00000000 00:00 0 
7f4aa39ec000-7f4aa3a0a000 rw-p 00000000 00:00 0 
7f4aa3a0a000-7f4aa3bdb000 rw-p 00000000 00:00 0 
7f4aa3bdb000-7f4aa3ca2000 rw-p 00000000 00:00 0 
7f4aa3ca2000-7f4aa3cad000 rw-p 00000000 00:00 0 
7f4aa3cad000-7f4aa3ccb000 rw-p 00000000 00:00 0 
7f4aa3ccb000-7f4aa3e9c000 rw-p 00000000 00:00 0 
7f4aa3e9c000-7f4aa3f62000 rw-p 00000000 00:00 0 
7f4aa3f62000-7f4aa40ac000 rw-p 00000000 00:00 0 
7f4aa40ac000-7f4aa40ae000 ---p 00000000 00:00 0 
7f4aa40ae000-7f4aa40af000 rw-p 00000000 00:00 0 
7f4aa40af000-7f4aa443f000 rwxp 00000000 00:00 0 
7f4aa443f000-7f4aa70af000 rw-p 00000000 00:00 0 
7f4aa70af000-7f4aa70c9000 r-xp 00000000 08:01 427074                     /usr/local/jdk1.7.0_75/jre/lib/amd64/libzip.so
7f4aa70c9000-7f4aa72c9000 ---p 0001a000 08:01 427074                     /usr/local/jdk1.7.0_75/jre/lib/amd64/libzip.so
7f4aa72c9000-7f4aa72ca000 rw-p 0001a000 08:01 427074                     /usr/local/jdk1.7.0_75/jre/lib/amd64/libzip.so
7f4aa72ca000-7f4aa72d5000 r-xp 00000000 08:01 390656                     /lib/x86_64-linux-gnu/libnss_files-2.13.so
7f4aa72d5000-7f4aa74d4000 ---p 0000b000 08:01 390656                     /lib/x86_64-linux-gnu/libnss_files-2.13.so
7f4aa74d4000-7f4aa74d5000 r--p 0000a000 08:01 390656                     /lib/x86_64-linux-gnu/libnss_files-2.13.so
7f4aa74d5000-7f4aa74d6000 rw-p 0000b000 08:01 390656                     /lib/x86_64-linux-gnu/libnss_files-2.13.so
7f4aa74d6000-7f4aa74e0000 r-xp 00000000 08:01 394820                     /lib/x86_64-linux-gnu/libnss_nis-2.13.so
7f4aa74e0000-7f4aa76df000 ---p 0000a000 08:01 394820                     /lib/x86_64-linux-gnu/libnss_nis-2.13.so
7f4aa76df000-7f4aa76e0000 r--p 00009000 08:01 394820                     /lib/x86_64-linux-gnu/libnss_nis-2.13.so
7f4aa76e0000-7f4aa76e1000 rw-p 0000a000 08:01 394820                     /lib/x86_64-linux-gnu/libnss_nis-2.13.so
7f4aa76e1000-7f4aa76f6000 r-xp 00000000 08:01 394812                     /lib/x86_64-linux-gnu/libnsl-2.13.so
7f4aa76f6000-7f4aa78f5000 ---p 00015000 08:01 394812                     /lib/x86_64-linux-gnu/libnsl-2.13.so
7f4aa78f5000-7f4aa78f6000 r--p 00014000 08:01 394812                     /lib/x86_64-linux-gnu/libnsl-2.13.so
7f4aa78f6000-7f4aa78f7000 rw-p 00015000 08:01 394812                     /lib/x86_64-linux-gnu/libnsl-2.13.so
7f4aa78f7000-7f4aa78f9000 rw-p 00000000 00:00 0 
7f4aa78f9000-7f4aa7900000 r-xp 00000000 08:01 394824                     /lib/x86_64-linux-gnu/libnss_compat-2.13.so
7f4aa7900000-7f4aa7aff000 ---p 00007000 08:01 394824                     /lib/x86_64-linux-gnu/libnss_compat-2.13.so
7f4aa7aff000-7f4aa7b00000 r--p 00006000 08:01 394824                     /lib/x86_64-linux-gnu/libnss_compat-2.13.so
7f4aa7b00000-7f4aa7b01000 rw-p 00007000 08:01 394824                     /lib/x86_64-linux-gnu/libnss_compat-2.13.so
7f4aa7b01000-7f4aa7c78000 r--p 00000000 08:01 3481                       /usr/lib/locale/locale-archive
7f4aa7c78000-7f4aa7c7b000 r-xp 00000000 08:01 427094                     /usr/local/jdk1.7.0_75/jre/lib/amd64/libnpt.so
7f4aa7c7b000-7f4aa7e7a000 ---p 00003000 08:01 427094                     /usr/local/jdk1.7.0_75/jre/lib/amd64/libnpt.so
7f4aa7e7a000-7f4aa7e7b000 rw-p 00002000 08:01 427094                     /usr/local/jdk1.7.0_75/jre/lib/amd64/libnpt.so
7f4aa7e7b000-7f4aa7eb4000 r-xp 00000000 08:01 427100                     /usr/local/jdk1.7.0_75/jre/lib/amd64/libjdwp.so
7f4aa7eb4000-7f4aa80b4000 ---p 00039000 08:01 427100                     /usr/local/jdk1.7.0_75/jre/lib/amd64/libjdwp.so
7f4aa80b4000-7f4aa80b5000 rw-p 00039000 08:01 427100                     /usr/local/jdk1.7.0_75/jre/lib/amd64/libjdwp.so
7f4aa80b5000-7f4aa80b6000 rw-p 00000000 00:00 0 
7f4aa80b6000-7f4aa80df000 r-xp 00000000 08:01 427117                     /usr/local/jdk1.7.0_75/jre/lib/amd64/libjava.so
7f4aa80df000-7f4aa82df000 ---p 00029000 08:01 427117                     /usr/local/jdk1.7.0_75/jre/lib/amd64/libjava.so
7f4aa82df000-7f4aa82e1000 rw-p 00029000 08:01 427117                     /usr/local/jdk1.7.0_75/jre/lib/amd64/libjava.so
7f4aa82e1000-7f4aa82ee000 r-xp 00000000 08:01 427082                     /usr/local/jdk1.7.0_75/jre/lib/amd64/libverify.so
7f4aa82ee000-7f4aa84ed000 ---p 0000d000 08:01 427082                     /usr/local/jdk1.7.0_75/jre/lib/amd64/libverify.so
7f4aa84ed000-7f4aa84ef000 rw-p 0000c000 08:01 427082                     /usr/local/jdk1.7.0_75/jre/lib/amd64/libverify.so
7f4aa84ef000-7f4aa84f6000 r-xp 00000000 08:01 394829                     /lib/x86_64-linux-gnu/librt-2.13.so
7f4aa84f6000-7f4aa86f5000 ---p 00007000 08:01 394829                     /lib/x86_64-linux-gnu/librt-2.13.so
7f4aa86f5000-7f4aa86f6000 r--p 00006000 08:01 394829                     /lib/x86_64-linux-gnu/librt-2.13.so
7f4aa86f6000-7f4aa86f7000 rw-p 00007000 08:01 394829                     /lib/x86_64-linux-gnu/librt-2.13.so
7f4aa86f7000-7f4aa8778000 r-xp 00000000 08:01 390232                     /lib/x86_64-linux-gnu/libm-2.13.so
7f4aa8778000-7f4aa8977000 ---p 00081000 08:01 390232                     /lib/x86_64-linux-gnu/libm-2.13.so
7f4aa8977000-7f4aa8978000 r--p 00080000 08:01 390232                     /lib/x86_64-linux-gnu/libm-2.13.so
7f4aa8978000-7f4aa8979000 rw-p 00081000 08:01 390232                     /lib/x86_64-linux-gnu/libm-2.13.so
7f4aa8979000-7f4aa94ec000 r-xp 00000000 08:01 427086                     /usr/local/jdk1.7.0_75/jre/lib/amd64/server/libjvm.so
7f4aa94ec000-7f4aa96ec000 ---p 00b73000 08:01 427086                     /usr/local/jdk1.7.0_75/jre/lib/amd64/server/libjvm.so
7f4aa96ec000-7f4aa97b0000 rw-p 00b73000 08:01 427086                     /usr/local/jdk1.7.0_75/jre/lib/amd64/server/libjvm.so
7f4aa97b0000-7f4aa97f1000 rw-p 00000000 00:00 0 
7f4aa97f1000-7f4aa9972000 r-xp 00000000 08:01 394815                     /lib/x86_64-linux-gnu/libc-2.13.so
7f4aa9972000-7f4aa9b72000 ---p 00181000 08:01 394815                     /lib/x86_64-linux-gnu/libc-2.13.so
7f4aa9b72000-7f4aa9b76000 r--p 00181000 08:01 394815                     /lib/x86_64-linux-gnu/libc-2.13.so
7f4aa9b76000-7f4aa9b77000 rw-p 00185000 08:01 394815                     /lib/x86_64-linux-gnu/libc-2.13.so
7f4aa9b77000-7f4aa9b7c000 rw-p 00000000 00:00 0 
7f4aa9b7c000-7f4aa9b7e000 r-xp 00000000 08:01 394821                     /lib/x86_64-linux-gnu/libdl-2.13.so
7f4aa9b7e000-7f4aa9d7e000 ---p 00002000 08:01 394821                     /lib/x86_64-linux-gnu/libdl-2.13.so
7f4aa9d7e000-7f4aa9d7f000 r--p 00002000 08:01 394821                     /lib/x86_64-linux-gnu/libdl-2.13.so
7f4aa9d7f000-7f4aa9d80000 rw-p 00003000 08:01 394821                     /lib/x86_64-linux-gnu/libdl-2.13.so
7f4aa9d80000-7f4aa9d96000 r-xp 00000000 08:01 546561                     /usr/local/jdk1.7.0_75/lib/amd64/jli/libjli.so
7f4aa9d96000-7f4aa9f96000 ---p 00016000 08:01 546561                     /usr/local/jdk1.7.0_75/lib/amd64/jli/libjli.so
7f4aa9f96000-7f4aa9f97000 rw-p 00016000 08:01 546561                     /usr/local/jdk1.7.0_75/lib/amd64/jli/libjli.so
7f4aa9f97000-7f4aa9fae000 r-xp 00000000 08:01 394830                     /lib/x86_64-linux-gnu/libpthread-2.13.so
7f4aa9fae000-7f4aaa1ad000 ---p 00017000 08:01 394830                     /lib/x86_64-linux-gnu/libpthread-2.13.so
7f4aaa1ad000-7f4aaa1ae000 r--p 00016000 08:01 394830                     /lib/x86_64-linux-gnu/libpthread-2.13.so
7f4aaa1ae000-7f4aaa1af000 rw-p 00017000 08:01 394830                     /lib/x86_64-linux-gnu/libpthread-2.13.so
7f4aaa1af000-7f4aaa1b3000 rw-p 00000000 00:00 0 
7f4aaa1b3000-7f4aaa1d3000 r-xp 00000000 08:01 394827                     /lib/x86_64-linux-gnu/ld-2.13.so
7f4aaa1d3000-7f4aaa1d4000 r--s 0000d000 08:03 44570280                   /home/shentanli/eclipseworkspace/soot/libs/util-2.1.0-dev.jar
7f4aaa1d4000-7f4aaa1da000 r--s 00036000 08:03 44447517                   /home/shentanli/eclipseworkspace/heros/junit.jar
7f4aaa1da000-7f4aaa1db000 r--s 00002000 08:03 44447511                   /home/shentanli/eclipseworkspace/heros/slf4j-simple-1.7.5.jar
7f4aaa1db000-7f4aaa1dd000 r--s 00005000 08:03 44447541                   /home/shentanli/eclipseworkspace/heros/slf4j-api-1.7.5.jar
7f4aaa1dd000-7f4aaa1e2000 r--s 0007d000 08:01 427007                     /usr/local/jdk1.7.0_75/jre/lib/jfr.jar
7f4aaa1e2000-7f4aaa1ed000 r--s 0037c000 08:01 427044                     /usr/local/jdk1.7.0_75/jre/lib/charsets.jar
7f4aaa1ed000-7f4aaa1fc000 rw-p 00000000 00:00 0 
7f4aaa1fc000-7f4aaa2ad000 rw-p 00000000 00:00 0 
7f4aaa2ad000-7f4aaa2b0000 ---p 00000000 00:00 0 
7f4aaa2b0000-7f4aaa3b2000 rw-p 00000000 00:00 0 
7f4aaa3b2000-7f4aaa3b3000 r--s 00006000 08:03 44570110                   /home/shentanli/eclipseworkspace/soot/libs/AXMLPrinter2.jar
7f4aaa3b3000-7f4aaa3b5000 r--s 0001c000 08:03 44568123                   /home/shentanli/eclipseworkspace/jasmin/libs/java_cup.jar
7f4aaa3b5000-7f4aaa3b8000 r--s 00019000 08:01 427041                     /usr/local/jdk1.7.0_75/jre/lib/jce.jar
7f4aaa3b8000-7f4aaa3bc000 r--s 0008b000 08:01 427023                     /usr/local/jdk1.7.0_75/jre/lib/jsse.jar
7f4aaa3bc000-7f4aaa3c6000 r--s 00251000 08:01 427220                     /usr/local/jdk1.7.0_75/jre/lib/resources.jar
7f4aaa3c6000-7f4aaa3ce000 rw-s 00000000 08:03 30937820                   /home/shentanli/tmp/hsperfdata_shentanli/4990
7f4aaa3ce000-7f4aaa3cf000 rw-p 00000000 00:00 0 
7f4aaa3cf000-7f4aaa3d0000 r--p 00000000 00:00 0 
7f4aaa3d0000-7f4aaa3d2000 rw-p 00000000 00:00 0 
7f4aaa3d2000-7f4aaa3d3000 r--p 0001f000 08:01 394827                     /lib/x86_64-linux-gnu/ld-2.13.so
7f4aaa3d3000-7f4aaa3d4000 rw-p 00020000 08:01 394827                     /lib/x86_64-linux-gnu/ld-2.13.so
7f4aaa3d4000-7f4aaa3d5000 rw-p 00000000 00:00 0 
7ffd3b119000-7ffd3b13a000 rw-p 00000000 00:00 0                          [stack]
7ffd3b171000-7ffd3b172000 r-xp 00000000 00:00 0                          [vdso]
ffffffffff600000-ffffffffff601000 r-xp 00000000 00:00 0                  [vsyscall]

VM Arguments:
jvm_args: -agentlib:jdwp=transport=dt_socket,suspend=y,address=localhost:47895 -Dfile.encoding=UTF-8 
java_command: com.shentanli.example.soot.sootMain
Launcher Type: SUN_STANDARD

Environment Variables:
PATH=/home/shentanli/Downloads/android-ndk-r9d:/usr/local/bin:/usr/bin:/bin:/usr/local/games:/usr/games:/usr/local/jdk1.7.0_75/bin:./:/usr/local/jdk1.7.0_75/lib:/usr/local/bin/jekyll:/usr/local/bin/npm:/usr/local/bin/gulp:/usr/local/lib/python2.7/dist-packages/elftools:/home/shentanli/Downloads/android-ndk-r9d/toolchains/arm-linux-androideabi-4.6/prebuilt/linux-x86/bin
USERNAME=shentanli
SHELL=/bin/bash
DISPLAY=:0

Signal Handlers:
SIGSEGV: [libjvm.so+0x9a21f0], sa_mask[0]=0x7ffbfeff, sa_flags=0x10000004
SIGBUS: [libjvm.so+0x9a21f0], sa_mask[0]=0x7ffbfeff, sa_flags=0x10000004
SIGFPE: [libjvm.so+0x81ba40], sa_mask[0]=0x7ffbfeff, sa_flags=0x10000004
SIGPIPE: [libjvm.so+0x81ba40], sa_mask[0]=0x7ffbfeff, sa_flags=0x10000004
SIGXFSZ: [libjvm.so+0x81ba40], sa_mask[0]=0x7ffbfeff, sa_flags=0x10000004
SIGILL: [libjvm.so+0x81ba40], sa_mask[0]=0x7ffbfeff, sa_flags=0x10000004
SIGUSR1: SIG_DFL, sa_mask[0]=0x00000000, sa_flags=0x00000000
SIGUSR2: [libjvm.so+0x81d240], sa_mask[0]=0x00000004, sa_flags=0x10000004
SIGHUP: [libjvm.so+0x81e360], sa_mask[0]=0x7ffbfeff, sa_flags=0x10000004
SIGINT: [libjvm.so+0x81e360], sa_mask[0]=0x7ffbfeff, sa_flags=0x10000004
SIGTERM: [libjvm.so+0x81e360], sa_mask[0]=0x7ffbfeff, sa_flags=0x10000004
SIGQUIT: [libjvm.so+0x81e360], sa_mask[0]=0x7ffbfeff, sa_flags=0x10000004


---------------  S Y S T E M  ---------------

OS:7.8

uname:Linux 3.2.0-4-amd64 #1 SMP Debian 3.2.65-1+deb7u2 x86_64
libc:glibc 2.13 NPTL 2.13 
rlimit: STACK 8192k, CORE 0k, NPROC 63524, NOFILE 4096, AS infinity
load average:0.55 0.49 0.50

/proc/meminfo:
MemTotal:        8143344 kB
MemFree:          683180 kB
Buffers:          904292 kB
Cached:           575632 kB
SwapCached:        24292 kB
Active:          4906068 kB
Inactive:        1869664 kB
Active(anon):    4104444 kB
Inactive(anon):  1194484 kB
Active(file):     801624 kB
Inactive(file):   675180 kB
Unevictable:          16 kB
Mlocked:              16 kB
SwapTotal:        195308 kB
SwapFree:              0 kB
Dirty:               108 kB
Writeback:             0 kB
AnonPages:       5271672 kB
Mapped:            74760 kB
Shmem:              3112 kB
Slab:             538092 kB
SReclaimable:     490848 kB
SUnreclaim:        47244 kB
KernelStack:        4952 kB
PageTables:        52120 kB
NFS_Unstable:          0 kB
Bounce:                0 kB
WritebackTmp:          0 kB
CommitLimit:     4266980 kB
Committed_AS:    7656276 kB
VmallocTotal:   34359738367 kB
VmallocUsed:      143108 kB
VmallocChunk:   34359592060 kB
HardwareCorrupted:     0 kB
AnonHugePages:         0 kB
HugePages_Total:       0
HugePages_Free:        0
HugePages_Rsvd:        0
HugePages_Surp:        0
Hugepagesize:       2048 kB
DirectMap4k:      153600 kB
DirectMap2M:     8194048 kB


CPU:total 8 (4 cores per cpu, 2 threads per core) family 6 model 58 stepping 9, cmov, cx8, fxsr, mmx, sse, sse2, sse3, ssse3, sse4.1, sse4.2, popcnt, avx, aes, erms, ht, tsc, tscinvbit, tscinv

/proc/cpuinfo:
processor	: 0
vendor_id	: GenuineIntel
cpu family	: 6
model		: 58
model name	: Intel(R) Xeon(R) CPU E3-1230 V2 @ 3.30GHz
stepping	: 9
microcode	: 0x10
cpu MHz		: 3701.000
cache size	: 8192 KB
physical id	: 0
siblings	: 8
core id		: 0
cpu cores	: 4
apicid		: 0
initial apicid	: 0
fpu		: yes
fpu_exception	: yes
cpuid level	: 13
wp		: yes
flags		: fpu vme de pse tsc msr pae mce cx8 apic sep mtrr pge mca cmov pat pse36 clflush dts acpi mmx fxsr sse sse2 ss ht tm pbe syscall nx rdtscp lm constant_tsc arch_perfmon pebs bts rep_good nopl xtopology nonstop_tsc aperfmperf pni pclmulqdq dtes64 monitor ds_cpl vmx smx est tm2 ssse3 cx16 xtpr pdcm pcid sse4_1 sse4_2 x2apic popcnt tsc_deadline_timer aes xsave avx f16c rdrand lahf_lm ida arat epb xsaveopt pln pts dtherm tpr_shadow vnmi flexpriority ept vpid fsgsbase smep erms
bogomips	: 6584.49
clflush size	: 64
cache_alignment	: 64
address sizes	: 36 bits physical, 48 bits virtual
power management:

processor	: 1
vendor_id	: GenuineIntel
cpu family	: 6
model		: 58
model name	: Intel(R) Xeon(R) CPU E3-1230 V2 @ 3.30GHz
stepping	: 9
microcode	: 0x10
cpu MHz		: 3701.000
cache size	: 8192 KB
physical id	: 0
siblings	: 8
core id		: 1
cpu cores	: 4
apicid		: 2
initial apicid	: 2
fpu		: yes
fpu_exception	: yes
cpuid level	: 13
wp		: yes
flags		: fpu vme de pse tsc msr pae mce cx8 apic sep mtrr pge mca cmov pat pse36 clflush dts acpi mmx fxsr sse sse2 ss ht tm pbe syscall nx rdtscp lm constant_tsc arch_perfmon pebs bts rep_good nopl xtopology nonstop_tsc aperfmperf pni pclmulqdq dtes64 monitor ds_cpl vmx smx est tm2 ssse3 cx16 xtpr pdcm pcid sse4_1 sse4_2 x2apic popcnt tsc_deadline_timer aes xsave avx f16c rdrand lahf_lm ida arat epb xsaveopt pln pts dtherm tpr_shadow vnmi flexpriority ept vpid fsgsbase smep erms
bogomips	: 6584.99
clflush size	: 64
cache_alignment	: 64
address sizes	: 36 bits physical, 48 bits virtual
power management:

processor	: 2
vendor_id	: GenuineIntel
cpu family	: 6
model		: 58
model name	: Intel(R) Xeon(R) CPU E3-1230 V2 @ 3.30GHz
stepping	: 9
microcode	: 0x10
cpu MHz		: 1600.000
cache size	: 8192 KB
physical id	: 0
siblings	: 8
core id		: 2
cpu cores	: 4
apicid		: 4
initial apicid	: 4
fpu		: yes
fpu_exception	: yes
cpuid level	: 13
wp		: yes
flags		: fpu vme de pse tsc msr pae mce cx8 apic sep mtrr pge mca cmov pat pse36 clflush dts acpi mmx fxsr sse sse2 ss ht tm pbe syscall nx rdtscp lm constant_tsc arch_perfmon pebs bts rep_good nopl xtopology nonstop_tsc aperfmperf pni pclmulqdq dtes64 monitor ds_cpl vmx smx est tm2 ssse3 cx16 xtpr pdcm pcid sse4_1 sse4_2 x2apic popcnt tsc_deadline_timer aes xsave avx f16c rdrand lahf_lm ida arat epb xsaveopt pln pts dtherm tpr_shadow vnmi flexpriority ept vpid fsgsbase smep erms
bogomips	: 6584.99
clflush size	: 64
cache_alignment	: 64
address sizes	: 36 bits physical, 48 bits virtual
power management:

processor	: 3
vendor_id	: GenuineIntel
cpu family	: 6
model		: 58
model name	: Intel(R) Xeon(R) CPU E3-1230 V2 @ 3.30GHz
stepping	: 9
microcode	: 0x10
cpu MHz		: 1600.000
cache size	: 8192 KB
physical id	: 0
siblings	: 8
core id		: 3
cpu cores	: 4
apicid		: 6
initial apicid	: 6
fpu		: yes
fpu_exception	: yes
cpuid level	: 13
wp		: yes
flags		: fpu vme de pse tsc msr pae mce cx8 apic sep mtrr pge mca cmov pat pse36 clflush dts acpi mmx fxsr sse sse2 ss ht tm pbe syscall nx rdtscp lm constant_tsc arch_perfmon pebs bts rep_good nopl xtopology nonstop_tsc aperfmperf pni pclmulqdq dtes64 monitor ds_cpl vmx smx est tm2 ssse3 cx16 xtpr pdcm pcid sse4_1 sse4_2 x2apic popcnt tsc_deadline_timer aes xsave avx f16c rdrand lahf_lm ida arat epb xsaveopt pln pts dtherm tpr_shadow vnmi flexpriority ept vpid fsgsbase smep erms
bogomips	: 6584.99
clflush size	: 64
cache_alignment	: 64
address sizes	: 36 bits physical, 48 bits virtual
power management:

processor	: 4
vendor_id	: GenuineIntel
cpu family	: 6
model		: 58
model name	: Intel(R) Xeon(R) CPU E3-1230 V2 @ 3.30GHz
stepping	: 9
microcode	: 0x10
cpu MHz		: 3701.000
cache size	: 8192 KB
physical id	: 0
siblings	: 8
core id		: 0
cpu cores	: 4
apicid		: 1
initial apicid	: 1
fpu		: yes
fpu_exception	: yes
cpuid level	: 13
wp		: yes
flags		: fpu vme de pse tsc msr pae mce cx8 apic sep mtrr pge mca cmov pat pse36 clflush dts acpi mmx fxsr sse sse2 ss ht tm pbe syscall nx rdtscp lm constant_tsc arch_perfmon pebs bts rep_good nopl xtopology nonstop_tsc aperfmperf pni pclmulqdq dtes64 monitor ds_cpl vmx smx est tm2 ssse3 cx16 xtpr pdcm pcid sse4_1 sse4_2 x2apic popcnt tsc_deadline_timer aes xsave avx f16c rdrand lahf_lm ida arat epb xsaveopt pln pts dtherm tpr_shadow vnmi flexpriority ept vpid fsgsbase smep erms
bogomips	: 6584.99
clflush size	: 64
cache_alignment	: 64
address sizes	: 36 bits physical, 48 bits virtual
power management:

processor	: 5
vendor_id	: GenuineIntel
cpu family	: 6
model		: 58
model name	: Intel(R) Xeon(R) CPU E3-1230 V2 @ 3.30GHz
stepping	: 9
microcode	: 0x10
cpu MHz		: 1600.000
cache size	: 8192 KB
physical id	: 0
siblings	: 8
core id		: 1
cpu cores	: 4
apicid		: 3
initial apicid	: 3
fpu		: yes
fpu_exception	: yes
cpuid level	: 13
wp		: yes
flags		: fpu vme de pse tsc msr pae mce cx8 apic sep mtrr pge mca cmov pat pse36 clflush dts acpi mmx fxsr sse sse2 ss ht tm pbe syscall nx rdtscp lm constant_tsc arch_perfmon pebs bts rep_good nopl xtopology nonstop_tsc aperfmperf pni pclmulqdq dtes64 monitor ds_cpl vmx smx est tm2 ssse3 cx16 xtpr pdcm pcid sse4_1 sse4_2 x2apic popcnt tsc_deadline_timer aes xsave avx f16c rdrand lahf_lm ida arat epb xsaveopt pln pts dtherm tpr_shadow vnmi flexpriority ept vpid fsgsbase smep erms
bogomips	: 6584.99
clflush size	: 64
cache_alignment	: 64
address sizes	: 36 bits physical, 48 bits virtual
power management:

processor	: 6
vendor_id	: GenuineIntel
cpu family	: 6
model		: 58
model name	: Intel(R) Xeon(R) CPU E3-1230 V2 @ 3.30GHz
stepping	: 9
microcode	: 0x10
cpu MHz		: 1600.000
cache size	: 8192 KB
physical id	: 0
siblings	: 8
core id		: 2
cpu cores	: 4
apicid		: 5
initial apicid	: 5
fpu		: yes
fpu_exception	: yes
cpuid level	: 13
wp		: yes
flags		: fpu vme de pse tsc msr pae mce cx8 apic sep mtrr pge mca cmov pat pse36 clflush dts acpi mmx fxsr sse sse2 ss ht tm pbe syscall nx rdtscp lm constant_tsc arch_perfmon pebs bts rep_good nopl xtopology nonstop_tsc aperfmperf pni pclmulqdq dtes64 monitor ds_cpl vmx smx est tm2 ssse3 cx16 xtpr pdcm pcid sse4_1 sse4_2 x2apic popcnt tsc_deadline_timer aes xsave avx f16c rdrand lahf_lm ida arat epb xsaveopt pln pts dtherm tpr_shadow vnmi flexpriority ept vpid fsgsbase smep erms
bogomips	: 6585.00
clflush size	: 64
cache_alignment	: 64
address sizes	: 36 bits physical, 48 bits virtual
power management:

processor	: 7
vendor_id	: GenuineIntel
cpu family	: 6
model		: 58
model name	: Intel(R) Xeon(R) CPU E3-1230 V2 @ 3.30GHz
stepping	: 9
microcode	: 0x10
cpu MHz		: 1600.000
cache size	: 8192 KB
physical id	: 0
siblings	: 8
core id		: 3
cpu cores	: 4
apicid		: 7
initial apicid	: 7
fpu		: yes
fpu_exception	: yes
cpuid level	: 13
wp		: yes
flags		: fpu vme de pse tsc msr pae mce cx8 apic sep mtrr pge mca cmov pat pse36 clflush dts acpi mmx fxsr sse sse2 ss ht tm pbe syscall nx rdtscp lm constant_tsc arch_perfmon pebs bts rep_good nopl xtopology nonstop_tsc aperfmperf pni pclmulqdq dtes64 monitor ds_cpl vmx smx est tm2 ssse3 cx16 xtpr pdcm pcid sse4_1 sse4_2 x2apic popcnt tsc_deadline_timer aes xsave avx f16c rdrand lahf_lm ida arat epb xsaveopt pln pts dtherm tpr_shadow vnmi flexpriority ept vpid fsgsbase smep erms
bogomips	: 6584.99
clflush size	: 64
cache_alignment	: 64
address sizes	: 36 bits physical, 48 bits virtual
power management:



Memory: 4k page, physical 8143344k(683180k free), swap 195308k(0k free)

vm_info: Java HotSpot(TM) 64-Bit Server VM (24.75-b04) for linux-amd64 JRE (1.7.0_75-b13), built on Dec 18 2014 16:45:18 by "java_re" with gcc 4.3.0 20080428 (Red Hat 4.3.0-8)

time: Wed Apr 20 01:56:45 2016
elapsed time: 2612 seconds

